2013-04-07 00:51:53,973 INFO: Adding job tentatively -- it will be properly scheduled when the scheduler starts [in /home/ragnarok/Project/AiRead/venv/local/lib/python2.7/site-packages/apscheduler/scheduler.py:285]
2013-04-07 00:51:53,973 INFO: Added job "clock_task (trigger: interval[0:01:00], next run at: 2013-04-07 00:52:53.973291)" to job store "default" [in /home/ragnarok/Project/AiRead/venv/local/lib/python2.7/site-packages/apscheduler/scheduler.py:260]
2013-04-07 00:51:53,974 INFO: Scheduler started [in /home/ragnarok/Project/AiRead/venv/local/lib/python2.7/site-packages/apscheduler/scheduler.py:572]
2013-04-07 00:51:53,982 DEBUG: Looking for jobs to run [in /home/ragnarok/Project/AiRead/venv/local/lib/python2.7/site-packages/apscheduler/scheduler.py:577]
2013-04-07 00:51:53,982 DEBUG: Next wakeup is due at 2013-04-07 00:52:53.973291 (in 59.990625 seconds) [in /home/ragnarok/Project/AiRead/venv/local/lib/python2.7/site-packages/apscheduler/scheduler.py:586]
2013-04-07 00:52:53,973 DEBUG: Looking for jobs to run [in /home/ragnarok/Project/AiRead/venv/local/lib/python2.7/site-packages/apscheduler/scheduler.py:577]
2013-04-07 00:52:53,978 INFO: Running job "clock_task (trigger: interval[0:01:00], next run at: 2013-04-07 00:52:53.973291)" (scheduled at 2013-04-07 00:52:53.973291) [in /home/ragnarok/Project/AiRead/venv/local/lib/python2.7/site-packages/apscheduler/scheduler.py:507]
2013-04-07 00:52:53,980 DEBUG: Next wakeup is due at 2013-04-07 00:53:53.973291 (in 59.998927 seconds) [in /home/ragnarok/Project/AiRead/venv/local/lib/python2.7/site-packages/apscheduler/scheduler.py:586]
2013-04-07 00:52:54,093 INFO: Job "clock_task (trigger: interval[0:01:00], next run at: 2013-04-07 00:53:53.973291)" executed successfully [in /home/ragnarok/Project/AiRead/venv/local/lib/python2.7/site-packages/apscheduler/scheduler.py:525]
2013-04-07 00:53:25,676 INFO: Adding job tentatively -- it will be properly scheduled when the scheduler starts [in /home/ragnarok/Project/AiRead/venv/local/lib/python2.7/site-packages/apscheduler/scheduler.py:285]
2013-04-07 00:53:25,677 INFO: Added job "clock_task (trigger: interval[0:01:00], next run at: 2013-04-07 00:54:25.676779)" to job store "default" [in /home/ragnarok/Project/AiRead/venv/local/lib/python2.7/site-packages/apscheduler/scheduler.py:260]
2013-04-07 00:53:25,678 INFO: Scheduler started [in /home/ragnarok/Project/AiRead/venv/local/lib/python2.7/site-packages/apscheduler/scheduler.py:572]
2013-04-07 00:53:25,683 DEBUG: Looking for jobs to run [in /home/ragnarok/Project/AiRead/venv/local/lib/python2.7/site-packages/apscheduler/scheduler.py:577]
2013-04-07 00:53:25,695 DEBUG: Next wakeup is due at 2013-04-07 00:54:25.676779 (in 59.981782 seconds) [in /home/ragnarok/Project/AiRead/venv/local/lib/python2.7/site-packages/apscheduler/scheduler.py:586]
2013-04-07 00:54:25,706 DEBUG: Looking for jobs to run [in /home/ragnarok/Project/AiRead/venv/local/lib/python2.7/site-packages/apscheduler/scheduler.py:577]
2013-04-07 00:54:25,712 DEBUG: Next wakeup is due at 2013-04-07 00:55:25.676779 (in 59.969518 seconds) [in /home/ragnarok/Project/AiRead/venv/local/lib/python2.7/site-packages/apscheduler/scheduler.py:586]
2013-04-07 00:54:25,713 INFO: Running job "clock_task (trigger: interval[0:01:00], next run at: 2013-04-07 00:55:25.676779)" (scheduled at 2013-04-07 00:54:25.676779) [in /home/ragnarok/Project/AiRead/venv/local/lib/python2.7/site-packages/apscheduler/scheduler.py:507]
2013-04-07 00:54:25,804 INFO: Job "clock_task (trigger: interval[0:01:00], next run at: 2013-04-07 00:55:25.676779)" executed successfully [in /home/ragnarok/Project/AiRead/venv/local/lib/python2.7/site-packages/apscheduler/scheduler.py:525]
2013-04-07 00:55:11,791 INFO: Adding job tentatively -- it will be properly scheduled when the scheduler starts [in /home/ragnarok/Project/AiRead/venv/local/lib/python2.7/site-packages/apscheduler/scheduler.py:285]
2013-04-07 00:55:11,792 INFO: Added job "clock_task (trigger: interval[0:01:00], next run at: 2013-04-07 00:56:11.791506)" to job store "default" [in /home/ragnarok/Project/AiRead/venv/local/lib/python2.7/site-packages/apscheduler/scheduler.py:260]
2013-04-07 00:55:11,792 INFO: Scheduler started [in /home/ragnarok/Project/AiRead/venv/local/lib/python2.7/site-packages/apscheduler/scheduler.py:572]
2013-04-07 00:55:11,830 DEBUG: Looking for jobs to run [in /home/ragnarok/Project/AiRead/venv/local/lib/python2.7/site-packages/apscheduler/scheduler.py:577]
2013-04-07 00:55:11,850 DEBUG: Next wakeup is due at 2013-04-07 00:56:11.791506 (in 59.941057 seconds) [in /home/ragnarok/Project/AiRead/venv/local/lib/python2.7/site-packages/apscheduler/scheduler.py:586]
2013-04-07 00:56:11,867 DEBUG: Looking for jobs to run [in /home/ragnarok/Project/AiRead/venv/local/lib/python2.7/site-packages/apscheduler/scheduler.py:577]
2013-04-07 00:56:11,879 INFO: Running job "clock_task (trigger: interval[0:01:00], next run at: 2013-04-07 00:56:11.791506)" (scheduled at 2013-04-07 00:56:11.791506) [in /home/ragnarok/Project/AiRead/venv/local/lib/python2.7/site-packages/apscheduler/scheduler.py:507]
2013-04-07 00:56:11,918 DEBUG: Next wakeup is due at 2013-04-07 00:57:11.791506 (in 59.913001 seconds) [in /home/ragnarok/Project/AiRead/venv/local/lib/python2.7/site-packages/apscheduler/scheduler.py:586]
2013-04-07 00:56:12,141 INFO: Job "clock_task (trigger: interval[0:01:00], next run at: 2013-04-07 00:57:11.791506)" executed successfully [in /home/ragnarok/Project/AiRead/venv/local/lib/python2.7/site-packages/apscheduler/scheduler.py:525]
2013-04-07 00:57:11,861 DEBUG: Looking for jobs to run [in /home/ragnarok/Project/AiRead/venv/local/lib/python2.7/site-packages/apscheduler/scheduler.py:577]
2013-04-07 00:57:11,870 DEBUG: Next wakeup is due at 2013-04-07 00:58:11.791506 (in 59.929614 seconds) [in /home/ragnarok/Project/AiRead/venv/local/lib/python2.7/site-packages/apscheduler/scheduler.py:586]
2013-04-07 00:57:11,878 INFO: Running job "clock_task (trigger: interval[0:01:00], next run at: 2013-04-07 00:58:11.791506)" (scheduled at 2013-04-07 00:57:11.791506) [in /home/ragnarok/Project/AiRead/venv/local/lib/python2.7/site-packages/apscheduler/scheduler.py:507]
2013-04-07 00:57:11,950 INFO: Job "clock_task (trigger: interval[0:01:00], next run at: 2013-04-07 00:58:11.791506)" executed successfully [in /home/ragnarok/Project/AiRead/venv/local/lib/python2.7/site-packages/apscheduler/scheduler.py:525]
2013-04-07 00:58:11,815 DEBUG: Looking for jobs to run [in /home/ragnarok/Project/AiRead/venv/local/lib/python2.7/site-packages/apscheduler/scheduler.py:577]
2013-04-07 00:58:11,839 DEBUG: Next wakeup is due at 2013-04-07 00:59:11.791506 (in 59.953000 seconds) [in /home/ragnarok/Project/AiRead/venv/local/lib/python2.7/site-packages/apscheduler/scheduler.py:586]
2013-04-07 00:58:11,839 INFO: Running job "clock_task (trigger: interval[0:01:00], next run at: 2013-04-07 00:59:11.791506)" (scheduled at 2013-04-07 00:58:11.791506) [in /home/ragnarok/Project/AiRead/venv/local/lib/python2.7/site-packages/apscheduler/scheduler.py:507]
2013-04-07 00:58:11,922 INFO: Job "clock_task (trigger: interval[0:01:00], next run at: 2013-04-07 00:59:11.791506)" executed successfully [in /home/ragnarok/Project/AiRead/venv/local/lib/python2.7/site-packages/apscheduler/scheduler.py:525]
2013-04-07 00:59:11,823 DEBUG: Looking for jobs to run [in /home/ragnarok/Project/AiRead/venv/local/lib/python2.7/site-packages/apscheduler/scheduler.py:577]
2013-04-07 00:59:11,846 DEBUG: Next wakeup is due at 2013-04-07 01:00:11.791506 (in 59.952261 seconds) [in /home/ragnarok/Project/AiRead/venv/local/lib/python2.7/site-packages/apscheduler/scheduler.py:586]
2013-04-07 00:59:11,858 INFO: Running job "clock_task (trigger: interval[0:01:00], next run at: 2013-04-07 01:00:11.791506)" (scheduled at 2013-04-07 00:59:11.791506) [in /home/ragnarok/Project/AiRead/venv/local/lib/python2.7/site-packages/apscheduler/scheduler.py:507]
2013-04-07 00:59:11,947 INFO: Job "clock_task (trigger: interval[0:01:00], next run at: 2013-04-07 01:00:11.791506)" executed successfully [in /home/ragnarok/Project/AiRead/venv/local/lib/python2.7/site-packages/apscheduler/scheduler.py:525]
2013-04-07 01:00:11,843 DEBUG: Looking for jobs to run [in /home/ragnarok/Project/AiRead/venv/local/lib/python2.7/site-packages/apscheduler/scheduler.py:577]
2013-04-07 01:00:11,844 INFO: Running job "clock_task (trigger: interval[0:01:00], next run at: 2013-04-07 01:01:11.791506)" (scheduled at 2013-04-07 01:00:11.791506) [in /home/ragnarok/Project/AiRead/venv/local/lib/python2.7/site-packages/apscheduler/scheduler.py:507]
2013-04-07 01:00:11,847 DEBUG: Next wakeup is due at 2013-04-07 01:01:11.791506 (in 59.947631 seconds) [in /home/ragnarok/Project/AiRead/venv/local/lib/python2.7/site-packages/apscheduler/scheduler.py:586]
2013-04-07 01:00:11,922 INFO: Job "clock_task (trigger: interval[0:01:00], next run at: 2013-04-07 01:01:11.791506)" executed successfully [in /home/ragnarok/Project/AiRead/venv/local/lib/python2.7/site-packages/apscheduler/scheduler.py:525]
2013-04-07 01:00:35,520 INFO: Adding job tentatively -- it will be properly scheduled when the scheduler starts [in /home/ragnarok/Project/AiRead/venv/local/lib/python2.7/site-packages/apscheduler/scheduler.py:285]
2013-04-07 01:00:35,521 INFO: Added job "clock_task (trigger: interval[0:01:00], next run at: 2013-04-07 01:01:35.520584)" to job store "default" [in /home/ragnarok/Project/AiRead/venv/local/lib/python2.7/site-packages/apscheduler/scheduler.py:260]
2013-04-07 01:00:35,521 INFO: Scheduler started [in /home/ragnarok/Project/AiRead/venv/local/lib/python2.7/site-packages/apscheduler/scheduler.py:572]
2013-04-07 01:00:35,530 DEBUG: Looking for jobs to run [in /home/ragnarok/Project/AiRead/venv/local/lib/python2.7/site-packages/apscheduler/scheduler.py:577]
2013-04-07 01:00:35,537 DEBUG: Next wakeup is due at 2013-04-07 01:01:35.520584 (in 59.983566 seconds) [in /home/ragnarok/Project/AiRead/venv/local/lib/python2.7/site-packages/apscheduler/scheduler.py:586]
2013-04-07 01:01:35,542 DEBUG: Looking for jobs to run [in /home/ragnarok/Project/AiRead/venv/local/lib/python2.7/site-packages/apscheduler/scheduler.py:577]
2013-04-07 01:01:35,562 INFO: Running job "clock_task (trigger: interval[0:01:00], next run at: 2013-04-07 01:02:35.520584)" (scheduled at 2013-04-07 01:01:35.520584) [in /home/ragnarok/Project/AiRead/venv/local/lib/python2.7/site-packages/apscheduler/scheduler.py:507]
2013-04-07 01:01:35,562 DEBUG: Next wakeup is due at 2013-04-07 01:02:35.520584 (in 59.962080 seconds) [in /home/ragnarok/Project/AiRead/venv/local/lib/python2.7/site-packages/apscheduler/scheduler.py:586]
2013-04-07 01:01:35,892 INFO: Job "clock_task (trigger: interval[0:01:00], next run at: 2013-04-07 01:02:35.520584)" executed successfully [in /home/ragnarok/Project/AiRead/venv/local/lib/python2.7/site-packages/apscheduler/scheduler.py:525]
2013-04-07 01:03:18,567 INFO: Adding job tentatively -- it will be properly scheduled when the scheduler starts [in /home/ragnarok/Project/AiRead/venv/local/lib/python2.7/site-packages/apscheduler/scheduler.py:285]
2013-04-07 01:03:18,567 INFO: Added job "clock_task (trigger: interval[0:01:00], next run at: 2013-04-07 01:04:18.567339)" to job store "default" [in /home/ragnarok/Project/AiRead/venv/local/lib/python2.7/site-packages/apscheduler/scheduler.py:260]
2013-04-07 01:03:18,568 INFO: Scheduler started [in /home/ragnarok/Project/AiRead/venv/local/lib/python2.7/site-packages/apscheduler/scheduler.py:572]
2013-04-07 01:03:18,568 DEBUG: Looking for jobs to run [in /home/ragnarok/Project/AiRead/venv/local/lib/python2.7/site-packages/apscheduler/scheduler.py:577]
2013-04-07 01:03:18,578 DEBUG: Next wakeup is due at 2013-04-07 01:04:18.567339 (in 59.988624 seconds) [in /home/ragnarok/Project/AiRead/venv/local/lib/python2.7/site-packages/apscheduler/scheduler.py:586]
2013-04-07 01:04:18,638 DEBUG: Looking for jobs to run [in /home/ragnarok/Project/AiRead/venv/local/lib/python2.7/site-packages/apscheduler/scheduler.py:577]
2013-04-07 01:04:18,661 INFO: Running job "clock_task (trigger: interval[0:01:00], next run at: 2013-04-07 01:04:18.567339)" (scheduled at 2013-04-07 01:04:18.567339) [in /home/ragnarok/Project/AiRead/venv/local/lib/python2.7/site-packages/apscheduler/scheduler.py:507]
2013-04-07 01:04:18,710 DEBUG: Next wakeup is due at 2013-04-07 01:05:18.567339 (in 59.920843 seconds) [in /home/ragnarok/Project/AiRead/venv/local/lib/python2.7/site-packages/apscheduler/scheduler.py:586]
2013-04-07 01:04:19,086 INFO: Job "clock_task (trigger: interval[0:01:00], next run at: 2013-04-07 01:05:18.567339)" executed successfully [in /home/ragnarok/Project/AiRead/venv/local/lib/python2.7/site-packages/apscheduler/scheduler.py:525]
2013-04-07 01:05:18,686 DEBUG: Looking for jobs to run [in /home/ragnarok/Project/AiRead/venv/local/lib/python2.7/site-packages/apscheduler/scheduler.py:577]
2013-04-07 01:05:18,694 DEBUG: Next wakeup is due at 2013-04-07 01:06:18.567339 (in 59.876890 seconds) [in /home/ragnarok/Project/AiRead/venv/local/lib/python2.7/site-packages/apscheduler/scheduler.py:586]
2013-04-07 01:05:18,694 INFO: Running job "clock_task (trigger: interval[0:01:00], next run at: 2013-04-07 01:06:18.567339)" (scheduled at 2013-04-07 01:05:18.567339) [in /home/ragnarok/Project/AiRead/venv/local/lib/python2.7/site-packages/apscheduler/scheduler.py:507]
2013-04-07 01:05:18,794 INFO: Job "clock_task (trigger: interval[0:01:00], next run at: 2013-04-07 01:06:18.567339)" executed successfully [in /home/ragnarok/Project/AiRead/venv/local/lib/python2.7/site-packages/apscheduler/scheduler.py:525]
2013-04-07 01:05:27,535 INFO: Adding job tentatively -- it will be properly scheduled when the scheduler starts [in /home/ragnarok/Project/AiRead/venv/local/lib/python2.7/site-packages/apscheduler/scheduler.py:285]
2013-04-07 01:05:27,535 INFO: Added job "clock_task (trigger: interval[0:01:00], next run at: 2013-04-07 01:06:27.535207)" to job store "default" [in /home/ragnarok/Project/AiRead/venv/local/lib/python2.7/site-packages/apscheduler/scheduler.py:260]
2013-04-07 01:05:27,536 INFO: Scheduler started [in /home/ragnarok/Project/AiRead/venv/local/lib/python2.7/site-packages/apscheduler/scheduler.py:572]
2013-04-07 01:05:27,536 DEBUG: Looking for jobs to run [in /home/ragnarok/Project/AiRead/venv/local/lib/python2.7/site-packages/apscheduler/scheduler.py:577]
2013-04-07 01:05:27,537 DEBUG: Next wakeup is due at 2013-04-07 01:06:27.535207 (in 59.998183 seconds) [in /home/ragnarok/Project/AiRead/venv/local/lib/python2.7/site-packages/apscheduler/scheduler.py:586]
2013-04-07 01:06:27,658 DEBUG: Looking for jobs to run [in /home/ragnarok/Project/AiRead/venv/local/lib/python2.7/site-packages/apscheduler/scheduler.py:577]
2013-04-07 01:06:27,703 INFO: Running job "clock_task (trigger: interval[0:01:00], next run at: 2013-04-07 01:07:27.535207)" (scheduled at 2013-04-07 01:06:27.535207) [in /home/ragnarok/Project/AiRead/venv/local/lib/python2.7/site-packages/apscheduler/scheduler.py:507]
2013-04-07 01:06:27,703 DEBUG: Next wakeup is due at 2013-04-07 01:07:27.535207 (in 59.836730 seconds) [in /home/ragnarok/Project/AiRead/venv/local/lib/python2.7/site-packages/apscheduler/scheduler.py:586]
2013-04-07 01:06:28,073 INFO: Job "clock_task (trigger: interval[0:01:00], next run at: 2013-04-07 01:07:27.535207)" executed successfully [in /home/ragnarok/Project/AiRead/venv/local/lib/python2.7/site-packages/apscheduler/scheduler.py:525]
2013-04-07 01:07:27,585 DEBUG: Looking for jobs to run [in /home/ragnarok/Project/AiRead/venv/local/lib/python2.7/site-packages/apscheduler/scheduler.py:577]
2013-04-07 01:07:27,598 INFO: Running job "clock_task (trigger: interval[0:01:00], next run at: 2013-04-07 01:07:27.535207)" (scheduled at 2013-04-07 01:07:27.535207) [in /home/ragnarok/Project/AiRead/venv/local/lib/python2.7/site-packages/apscheduler/scheduler.py:507]
2013-04-07 01:07:27,601 DEBUG: Next wakeup is due at 2013-04-07 01:08:27.535207 (in 59.947196 seconds) [in /home/ragnarok/Project/AiRead/venv/local/lib/python2.7/site-packages/apscheduler/scheduler.py:586]
2013-04-07 01:07:27,648 INFO: Job "clock_task (trigger: interval[0:01:00], next run at: 2013-04-07 01:08:27.535207)" executed successfully [in /home/ragnarok/Project/AiRead/venv/local/lib/python2.7/site-packages/apscheduler/scheduler.py:525]
2013-04-07 01:08:27,558 DEBUG: Looking for jobs to run [in /home/ragnarok/Project/AiRead/venv/local/lib/python2.7/site-packages/apscheduler/scheduler.py:577]
2013-04-07 01:08:27,610 INFO: Running job "clock_task (trigger: interval[0:01:00], next run at: 2013-04-07 01:09:27.535207)" (scheduled at 2013-04-07 01:08:27.535207) [in /home/ragnarok/Project/AiRead/venv/local/lib/python2.7/site-packages/apscheduler/scheduler.py:507]
2013-04-07 01:08:27,610 DEBUG: Next wakeup is due at 2013-04-07 01:09:27.535207 (in 59.948745 seconds) [in /home/ragnarok/Project/AiRead/venv/local/lib/python2.7/site-packages/apscheduler/scheduler.py:586]
2013-04-07 01:08:27,818 INFO: Job "clock_task (trigger: interval[0:01:00], next run at: 2013-04-07 01:09:27.535207)" executed successfully [in /home/ragnarok/Project/AiRead/venv/local/lib/python2.7/site-packages/apscheduler/scheduler.py:525]
2013-04-07 01:09:27,618 DEBUG: Looking for jobs to run [in /home/ragnarok/Project/AiRead/venv/local/lib/python2.7/site-packages/apscheduler/scheduler.py:577]
2013-04-07 01:09:27,646 INFO: Running job "clock_task (trigger: interval[0:01:00], next run at: 2013-04-07 01:10:27.535207)" (scheduled at 2013-04-07 01:09:27.535207) [in /home/ragnarok/Project/AiRead/venv/local/lib/python2.7/site-packages/apscheduler/scheduler.py:507]
2013-04-07 01:09:27,647 DEBUG: Next wakeup is due at 2013-04-07 01:10:27.535207 (in 59.895608 seconds) [in /home/ragnarok/Project/AiRead/venv/local/lib/python2.7/site-packages/apscheduler/scheduler.py:586]
2013-04-07 01:09:27,807 INFO: Job "clock_task (trigger: interval[0:01:00], next run at: 2013-04-07 01:10:27.535207)" executed successfully [in /home/ragnarok/Project/AiRead/venv/local/lib/python2.7/site-packages/apscheduler/scheduler.py:525]
2013-04-07 01:11:05,205 INFO: Adding job tentatively -- it will be properly scheduled when the scheduler starts [in /home/ragnarok/Project/AiRead/venv/local/lib/python2.7/site-packages/apscheduler/scheduler.py:285]
2013-04-07 01:11:05,205 INFO: Added job "clock_task (trigger: interval[0:01:00], next run at: 2013-04-07 01:12:05.205006)" to job store "default" [in /home/ragnarok/Project/AiRead/venv/local/lib/python2.7/site-packages/apscheduler/scheduler.py:260]
2013-04-07 01:11:05,206 INFO: Scheduler started [in /home/ragnarok/Project/AiRead/venv/local/lib/python2.7/site-packages/apscheduler/scheduler.py:572]
2013-04-07 01:11:05,206 DEBUG: Looking for jobs to run [in /home/ragnarok/Project/AiRead/venv/local/lib/python2.7/site-packages/apscheduler/scheduler.py:577]
2013-04-07 01:11:05,207 DEBUG: Next wakeup is due at 2013-04-07 01:12:05.205006 (in 59.998006 seconds) [in /home/ragnarok/Project/AiRead/venv/local/lib/python2.7/site-packages/apscheduler/scheduler.py:586]
2013-04-07 01:12:05,206 DEBUG: Looking for jobs to run [in /home/ragnarok/Project/AiRead/venv/local/lib/python2.7/site-packages/apscheduler/scheduler.py:577]
2013-04-07 01:12:05,209 DEBUG: Next wakeup is due at 2013-04-07 01:13:05.205006 (in 59.998464 seconds) [in /home/ragnarok/Project/AiRead/venv/local/lib/python2.7/site-packages/apscheduler/scheduler.py:586]
2013-04-07 01:12:05,210 INFO: Running job "clock_task (trigger: interval[0:01:00], next run at: 2013-04-07 01:13:05.205006)" (scheduled at 2013-04-07 01:12:05.205006) [in /home/ragnarok/Project/AiRead/venv/local/lib/python2.7/site-packages/apscheduler/scheduler.py:507]
2013-04-07 01:12:05,413 INFO: Job "clock_task (trigger: interval[0:01:00], next run at: 2013-04-07 01:13:05.205006)" executed successfully [in /home/ragnarok/Project/AiRead/venv/local/lib/python2.7/site-packages/apscheduler/scheduler.py:525]
2013-04-07 01:13:05,211 DEBUG: Looking for jobs to run [in /home/ragnarok/Project/AiRead/venv/local/lib/python2.7/site-packages/apscheduler/scheduler.py:577]
2013-04-07 01:13:05,270 DEBUG: Next wakeup is due at 2013-04-07 01:14:05.205006 (in 59.953263 seconds) [in /home/ragnarok/Project/AiRead/venv/local/lib/python2.7/site-packages/apscheduler/scheduler.py:586]
2013-04-07 01:13:05,270 INFO: Running job "clock_task (trigger: interval[0:01:00], next run at: 2013-04-07 01:14:05.205006)" (scheduled at 2013-04-07 01:13:05.205006) [in /home/ragnarok/Project/AiRead/venv/local/lib/python2.7/site-packages/apscheduler/scheduler.py:507]
2013-04-07 01:13:05,557 INFO: Job "clock_task (trigger: interval[0:01:00], next run at: 2013-04-07 01:14:05.205006)" executed successfully [in /home/ragnarok/Project/AiRead/venv/local/lib/python2.7/site-packages/apscheduler/scheduler.py:525]
2013-04-07 01:14:01,022 INFO: Adding job tentatively -- it will be properly scheduled when the scheduler starts [in /home/ragnarok/Project/AiRead/venv/local/lib/python2.7/site-packages/apscheduler/scheduler.py:285]
2013-04-07 01:14:01,023 INFO: Added job "clock_task (trigger: interval[0:01:00], next run at: 2013-04-07 01:15:01.022752)" to job store "default" [in /home/ragnarok/Project/AiRead/venv/local/lib/python2.7/site-packages/apscheduler/scheduler.py:260]
2013-04-07 01:14:01,024 INFO: Scheduler started [in /home/ragnarok/Project/AiRead/venv/local/lib/python2.7/site-packages/apscheduler/scheduler.py:572]
2013-04-07 01:14:01,030 DEBUG: Looking for jobs to run [in /home/ragnarok/Project/AiRead/venv/local/lib/python2.7/site-packages/apscheduler/scheduler.py:577]
2013-04-07 01:14:01,031 DEBUG: Next wakeup is due at 2013-04-07 01:15:01.022752 (in 59.991745 seconds) [in /home/ragnarok/Project/AiRead/venv/local/lib/python2.7/site-packages/apscheduler/scheduler.py:586]
2013-04-07 01:15:01,054 DEBUG: Looking for jobs to run [in /home/ragnarok/Project/AiRead/venv/local/lib/python2.7/site-packages/apscheduler/scheduler.py:577]
2013-04-07 01:15:01,085 INFO: Running job "clock_task (trigger: interval[0:01:00], next run at: 2013-04-07 01:16:01.022752)" (scheduled at 2013-04-07 01:15:01.022752) [in /home/ragnarok/Project/AiRead/venv/local/lib/python2.7/site-packages/apscheduler/scheduler.py:507]
2013-04-07 01:15:01,085 DEBUG: Next wakeup is due at 2013-04-07 01:16:01.022752 (in 59.967824 seconds) [in /home/ragnarok/Project/AiRead/venv/local/lib/python2.7/site-packages/apscheduler/scheduler.py:586]
2013-04-07 01:15:01,238 INFO: Job "clock_task (trigger: interval[0:01:00], next run at: 2013-04-07 01:16:01.022752)" executed successfully [in /home/ragnarok/Project/AiRead/venv/local/lib/python2.7/site-packages/apscheduler/scheduler.py:525]
2013-04-07 01:16:01,067 DEBUG: Looking for jobs to run [in /home/ragnarok/Project/AiRead/venv/local/lib/python2.7/site-packages/apscheduler/scheduler.py:577]
2013-04-07 01:16:01,068 INFO: Running job "clock_task (trigger: interval[0:01:00], next run at: 2013-04-07 01:16:01.022752)" (scheduled at 2013-04-07 01:16:01.022752) [in /home/ragnarok/Project/AiRead/venv/local/lib/python2.7/site-packages/apscheduler/scheduler.py:507]
2013-04-07 01:16:01,070 DEBUG: Next wakeup is due at 2013-04-07 01:17:01.022752 (in 59.955168 seconds) [in /home/ragnarok/Project/AiRead/venv/local/lib/python2.7/site-packages/apscheduler/scheduler.py:586]
2013-04-07 01:16:01,112 INFO: Job "clock_task (trigger: interval[0:01:00], next run at: 2013-04-07 01:17:01.022752)" executed successfully [in /home/ragnarok/Project/AiRead/venv/local/lib/python2.7/site-packages/apscheduler/scheduler.py:525]
2013-04-07 01:17:01,038 DEBUG: Looking for jobs to run [in /home/ragnarok/Project/AiRead/venv/local/lib/python2.7/site-packages/apscheduler/scheduler.py:577]
2013-04-07 01:17:01,111 INFO: Running job "clock_task (trigger: interval[0:01:00], next run at: 2013-04-07 01:17:01.022752)" (scheduled at 2013-04-07 01:17:01.022752) [in /home/ragnarok/Project/AiRead/venv/local/lib/python2.7/site-packages/apscheduler/scheduler.py:507]
2013-04-07 01:17:01,111 DEBUG: Next wakeup is due at 2013-04-07 01:18:01.022752 (in 59.912278 seconds) [in /home/ragnarok/Project/AiRead/venv/local/lib/python2.7/site-packages/apscheduler/scheduler.py:586]
2013-04-07 01:17:01,633 INFO: Job "clock_task (trigger: interval[0:01:00], next run at: 2013-04-07 01:18:01.022752)" executed successfully [in /home/ragnarok/Project/AiRead/venv/local/lib/python2.7/site-packages/apscheduler/scheduler.py:525]
2013-04-07 01:20:16,606 INFO: Adding job tentatively -- it will be properly scheduled when the scheduler starts [in /home/ragnarok/Project/AiRead/venv/local/lib/python2.7/site-packages/apscheduler/scheduler.py:285]
2013-04-07 01:20:16,606 INFO: Added job "clock_task (trigger: interval[0:01:00], next run at: 2013-04-07 01:21:16.605913)" to job store "default" [in /home/ragnarok/Project/AiRead/venv/local/lib/python2.7/site-packages/apscheduler/scheduler.py:260]
2013-04-07 01:20:16,607 INFO: Scheduler started [in /home/ragnarok/Project/AiRead/venv/local/lib/python2.7/site-packages/apscheduler/scheduler.py:572]
2013-04-07 01:20:16,614 DEBUG: Looking for jobs to run [in /home/ragnarok/Project/AiRead/venv/local/lib/python2.7/site-packages/apscheduler/scheduler.py:577]
2013-04-07 01:20:16,614 DEBUG: Next wakeup is due at 2013-04-07 01:21:16.605913 (in 59.991175 seconds) [in /home/ragnarok/Project/AiRead/venv/local/lib/python2.7/site-packages/apscheduler/scheduler.py:586]
2013-04-07 01:21:16,635 DEBUG: Looking for jobs to run [in /home/ragnarok/Project/AiRead/venv/local/lib/python2.7/site-packages/apscheduler/scheduler.py:577]
2013-04-07 01:21:16,662 INFO: Running job "clock_task (trigger: interval[0:01:00], next run at: 2013-04-07 01:22:16.605913)" (scheduled at 2013-04-07 01:21:16.605913) [in /home/ragnarok/Project/AiRead/venv/local/lib/python2.7/site-packages/apscheduler/scheduler.py:507]
2013-04-07 01:21:16,669 DEBUG: Next wakeup is due at 2013-04-07 01:22:16.605913 (in 59.947445 seconds) [in /home/ragnarok/Project/AiRead/venv/local/lib/python2.7/site-packages/apscheduler/scheduler.py:586]
2013-04-07 01:21:17,242 INFO: Job "clock_task (trigger: interval[0:01:00], next run at: 2013-04-07 01:22:16.605913)" executed successfully [in /home/ragnarok/Project/AiRead/venv/local/lib/python2.7/site-packages/apscheduler/scheduler.py:525]
2013-04-07 01:22:16,653 DEBUG: Looking for jobs to run [in /home/ragnarok/Project/AiRead/venv/local/lib/python2.7/site-packages/apscheduler/scheduler.py:577]
2013-04-07 01:22:16,658 INFO: Running job "clock_task (trigger: interval[0:01:00], next run at: 2013-04-07 01:22:16.605913)" (scheduled at 2013-04-07 01:22:16.605913) [in /home/ragnarok/Project/AiRead/venv/local/lib/python2.7/site-packages/apscheduler/scheduler.py:507]
2013-04-07 01:22:16,659 DEBUG: Next wakeup is due at 2013-04-07 01:23:16.605913 (in 59.952153 seconds) [in /home/ragnarok/Project/AiRead/venv/local/lib/python2.7/site-packages/apscheduler/scheduler.py:586]
2013-04-07 01:22:16,816 INFO: Job "clock_task (trigger: interval[0:01:00], next run at: 2013-04-07 01:23:16.605913)" executed successfully [in /home/ragnarok/Project/AiRead/venv/local/lib/python2.7/site-packages/apscheduler/scheduler.py:525]
2013-04-07 01:23:16,694 DEBUG: Looking for jobs to run [in /home/ragnarok/Project/AiRead/venv/local/lib/python2.7/site-packages/apscheduler/scheduler.py:577]
2013-04-07 01:23:16,708 INFO: Running job "clock_task (trigger: interval[0:01:00], next run at: 2013-04-07 01:24:16.605913)" (scheduled at 2013-04-07 01:23:16.605913) [in /home/ragnarok/Project/AiRead/venv/local/lib/python2.7/site-packages/apscheduler/scheduler.py:507]
2013-04-07 01:23:16,708 DEBUG: Next wakeup is due at 2013-04-07 01:24:16.605913 (in 59.898095 seconds) [in /home/ragnarok/Project/AiRead/venv/local/lib/python2.7/site-packages/apscheduler/scheduler.py:586]
2013-04-07 01:23:16,828 INFO: Job "clock_task (trigger: interval[0:01:00], next run at: 2013-04-07 01:24:16.605913)" executed successfully [in /home/ragnarok/Project/AiRead/venv/local/lib/python2.7/site-packages/apscheduler/scheduler.py:525]
2013-04-07 01:24:16,614 DEBUG: Looking for jobs to run [in /home/ragnarok/Project/AiRead/venv/local/lib/python2.7/site-packages/apscheduler/scheduler.py:577]
2013-04-07 01:24:16,619 DEBUG: Next wakeup is due at 2013-04-07 01:25:16.605913 (in 59.990550 seconds) [in /home/ragnarok/Project/AiRead/venv/local/lib/python2.7/site-packages/apscheduler/scheduler.py:586]
2013-04-07 01:24:16,619 INFO: Running job "clock_task (trigger: interval[0:01:00], next run at: 2013-04-07 01:25:16.605913)" (scheduled at 2013-04-07 01:24:16.605913) [in /home/ragnarok/Project/AiRead/venv/local/lib/python2.7/site-packages/apscheduler/scheduler.py:507]
2013-04-07 01:24:16,664 INFO: Job "clock_task (trigger: interval[0:01:00], next run at: 2013-04-07 01:25:16.605913)" executed successfully [in /home/ragnarok/Project/AiRead/venv/local/lib/python2.7/site-packages/apscheduler/scheduler.py:525]
2013-04-07 01:25:16,616 DEBUG: Looking for jobs to run [in /home/ragnarok/Project/AiRead/venv/local/lib/python2.7/site-packages/apscheduler/scheduler.py:577]
2013-04-07 01:25:16,617 DEBUG: Next wakeup is due at 2013-04-07 01:26:16.605913 (in 59.989053 seconds) [in /home/ragnarok/Project/AiRead/venv/local/lib/python2.7/site-packages/apscheduler/scheduler.py:586]
2013-04-07 01:25:16,621 INFO: Running job "clock_task (trigger: interval[0:01:00], next run at: 2013-04-07 01:26:16.605913)" (scheduled at 2013-04-07 01:25:16.605913) [in /home/ragnarok/Project/AiRead/venv/local/lib/python2.7/site-packages/apscheduler/scheduler.py:507]
2013-04-07 01:25:16,686 INFO: Job "clock_task (trigger: interval[0:01:00], next run at: 2013-04-07 01:26:16.605913)" executed successfully [in /home/ragnarok/Project/AiRead/venv/local/lib/python2.7/site-packages/apscheduler/scheduler.py:525]
2013-04-07 01:26:16,607 DEBUG: Looking for jobs to run [in /home/ragnarok/Project/AiRead/venv/local/lib/python2.7/site-packages/apscheduler/scheduler.py:577]
2013-04-07 01:26:16,610 DEBUG: Next wakeup is due at 2013-04-07 01:27:16.605913 (in 59.998273 seconds) [in /home/ragnarok/Project/AiRead/venv/local/lib/python2.7/site-packages/apscheduler/scheduler.py:586]
2013-04-07 01:26:16,611 INFO: Running job "clock_task (trigger: interval[0:01:00], next run at: 2013-04-07 01:27:16.605913)" (scheduled at 2013-04-07 01:26:16.605913) [in /home/ragnarok/Project/AiRead/venv/local/lib/python2.7/site-packages/apscheduler/scheduler.py:507]
2013-04-07 01:26:16,822 INFO: Job "clock_task (trigger: interval[0:01:00], next run at: 2013-04-07 01:27:16.605913)" executed successfully [in /home/ragnarok/Project/AiRead/venv/local/lib/python2.7/site-packages/apscheduler/scheduler.py:525]
2013-04-07 10:35:38,400 INFO: Adding job tentatively -- it will be properly scheduled when the scheduler starts [in /home/ragnarok/Project/AiRead/venv/local/lib/python2.7/site-packages/apscheduler/scheduler.py:285]
2013-04-07 10:35:38,400 INFO: Added job "clock_task (trigger: cron[hour='11'], next run at: 2013-04-07 11:00:00)" to job store "default" [in /home/ragnarok/Project/AiRead/venv/local/lib/python2.7/site-packages/apscheduler/scheduler.py:260]
2013-04-07 10:35:38,401 INFO: Scheduler started [in /home/ragnarok/Project/AiRead/venv/local/lib/python2.7/site-packages/apscheduler/scheduler.py:572]
2013-04-07 10:35:38,401 DEBUG: Looking for jobs to run [in /home/ragnarok/Project/AiRead/venv/local/lib/python2.7/site-packages/apscheduler/scheduler.py:577]
2013-04-07 10:35:38,469 DEBUG: Next wakeup is due at 2013-04-07 11:00:00 (in 1461.530438 seconds) [in /home/ragnarok/Project/AiRead/venv/local/lib/python2.7/site-packages/apscheduler/scheduler.py:586]
2013-04-07 10:51:39,682 INFO: Adding job tentatively -- it will be properly scheduled when the scheduler starts [in /home/ragnarok/Project/AiRead/venv/local/lib/python2.7/site-packages/apscheduler/scheduler.py:285]
2013-04-07 10:51:39,682 INFO: Added job "clock_task (trigger: cron[hour='11'], next run at: 2013-04-07 11:00:00)" to job store "default" [in /home/ragnarok/Project/AiRead/venv/local/lib/python2.7/site-packages/apscheduler/scheduler.py:260]
2013-04-07 10:51:39,683 INFO: Scheduler started [in /home/ragnarok/Project/AiRead/venv/local/lib/python2.7/site-packages/apscheduler/scheduler.py:572]
2013-04-07 10:51:39,684 DEBUG: Looking for jobs to run [in /home/ragnarok/Project/AiRead/venv/local/lib/python2.7/site-packages/apscheduler/scheduler.py:577]
2013-04-07 10:51:39,684 DEBUG: Next wakeup is due at 2013-04-07 11:00:00 (in 500.315661 seconds) [in /home/ragnarok/Project/AiRead/venv/local/lib/python2.7/site-packages/apscheduler/scheduler.py:586]
2013-04-07 11:00:00,081 DEBUG: Looking for jobs to run [in /home/ragnarok/Project/AiRead/venv/local/lib/python2.7/site-packages/apscheduler/scheduler.py:577]
2013-04-07 11:00:00,109 INFO: Running job "clock_task (trigger: cron[hour='11'], next run at: 2013-04-08 11:00:00)" (scheduled at 2013-04-07 11:00:00) [in /home/ragnarok/Project/AiRead/venv/local/lib/python2.7/site-packages/apscheduler/scheduler.py:507]
2013-04-07 11:00:00,110 DEBUG: Next wakeup is due at 2013-04-08 11:00:00 (in 86399.917785 seconds) [in /home/ragnarok/Project/AiRead/venv/local/lib/python2.7/site-packages/apscheduler/scheduler.py:586]
2013-04-07 11:00:00,541 INFO: Job "clock_task (trigger: cron[hour='11'], next run at: 2013-04-08 11:00:00)" executed successfully [in /home/ragnarok/Project/AiRead/venv/local/lib/python2.7/site-packages/apscheduler/scheduler.py:525]
